[handleMsg]:  {
  key: {
    remoteJid: '5492944913635@s.whatsapp.net',
    fromMe: false,
    id: '3DC70DCAB7722C6CAA1E8D84AE945034',
    participant: undefined
  },
  messageTimestamp: 1750198339,
  pushName: 'Valen Mardones',
  broadcast: false,
  message: Message {
    conversation: 'Hello',
    messageContextInfo: MessageContextInfo {
      deviceListMetadata: [DeviceListMetadata],
      deviceListMetadataVersion: 2,
      messageSecret: [Uint8Array]
    }
  },
  body: 'Hello',
  from: '5492944913635'
}
[QUEUE_SE_ENVIO]:  {
  ref: 'ans_c773660c-5fd3-4398-86b3-0c7c6dff710e',
  keyword: 'key_0a6b0b7b-b18f-4670-8fcd-b7aaf4cf98f8',
  answer: "¡Bienvenido!', 'Escribe *menu* en cualquier momento para volver aquí\r\n" +
    '\r\n' +
    'El menú principal funciona respondiendo a este mensaje con el número específico, según el trámite que desees realizar.\r\n' +
    '\r\n' +
    'Menú principal:\r\n' +
    '\r\n' +
    '*1.* Fecha de inscripción a las materias \r\n' +
    '\r\n' +
    '*2.* Fecha de inscripción a los examenes \r\n' +
    '\r\n' +
    '*3.* Requisitos para inscribirse a la universidad \r\n' +
    '\r\n' +
    '*4.* Horarios de la carrera \r\n' +
    '\r\n' +
    '*5.* Solicitudes de Constancias \r\n' +
    '\r\n' +
    '*6.* Cambio o Baja de carrera \r\n' +
    '\r\n' +
    '*7.* Equivalencias \r\n' +
    '\r\n' +
    '*8.* Solicitud de Titulo \r\n' +
    '\r\n' +
    '*9.* Supervisor en caso de otra consulta',
  options: {
    media: null,
    buttons: [],
    capture: true,
    child: null,
    delay: 0,
    idle: null,
    ref: null,
    nested: [
      [Object], [Object], [Object],
      [Object], [Object], [Object],
      [Object], [Object], [Object],
      [Object], [Object], [Object],
      [Object], [Object], [Object],
      [Object], [Object], [Object],
      [Object], [Object]
    ],
    keyword: {},
    callback: true
  },
  refSerialize: '6a397f13f87ffc4c13c156e77234133a'
}
[handleMsg]:  {
  key: {
    remoteJid: '5492944913635@s.whatsapp.net',
    fromMe: false,
    id: 'C40D897CD32C4A142ABC04DC7B98554C',
    participant: undefined
  },
  messageTimestamp: 1750198344,
  pushName: 'Valen Mardones',
  broadcast: false,
  message: Message {
    conversation: '4',
    messageContextInfo: MessageContextInfo {
      deviceListMetadata: [DeviceListMetadata],
      deviceListMetadataVersion: 2,
      messageSecret: [Uint8Array]
    }
  },
  body: '4',
  from: '5492944913635'
}
[handleMsg]:  {
  key: {
    remoteJid: '5492944913635@s.whatsapp.net',
    fromMe: false,
    id: '47937A76CB17181EA31C90CF813277E4',
    participant: undefined
  },
  messageTimestamp: 1750198349,
  pushName: 'Valen Mardones',
  broadcast: false,
  message: Message {
    conversation: 'Caca',
    messageContextInfo: MessageContextInfo {
      deviceListMetadata: [DeviceListMetadata],
      deviceListMetadataVersion: 2,
      messageSecret: [Uint8Array]
    }
  },
  body: 'Caca',
  from: '5492944913635'
}
[handleMsg]:  {
  key: {
    remoteJid: '5492944913635@s.whatsapp.net',
    fromMe: false,
    id: 'D9D1FF11F6D09075271573CAADDD50B5',
    participant: undefined
  },
  messageTimestamp: 1750198359,
  pushName: 'Valen Mardones',
  broadcast: false,
  message: Message {
    conversation: 'Caca',
    messageContextInfo: MessageContextInfo {
      deviceListMetadata: [DeviceListMetadata],
      deviceListMetadataVersion: 2,
      messageSecret: [Uint8Array]
    }
  },
  body: 'Caca',
  from: '5492944913635'
}
[handleMsg]:  {
  key: {
    remoteJid: '5492944913635@s.whatsapp.net',
    fromMe: false,
    id: 'CE7B34F958A967FA0FE4F7C6A57F0417',
    participant: undefined
  },
  messageTimestamp: 1750198366,
  pushName: 'Valen Mardones',
  broadcast: false,
  message: Message {
    conversation: 'Menu',
    messageContextInfo: MessageContextInfo {
      deviceListMetadata: [DeviceListMetadata],
      deviceListMetadataVersion: 2,
      messageSecret: [Uint8Array]
    }
  },
  body: 'Menu',
  from: '5492944913635'
}
[handleMsg]:  {
  key: {
    remoteJid: '5492944913635@s.whatsapp.net',
    fromMe: false,
    id: 'C440DA658FAC8DBE910B005902222E10',
    participant: undefined
  },
  messageTimestamp: 1750198370,
  pushName: 'Valen Mardones',
  broadcast: false,
  message: Message {
    conversation: '4',
    messageContextInfo: MessageContextInfo {
      deviceListMetadata: [DeviceListMetadata],
      deviceListMetadataVersion: 2,
      messageSecret: [Uint8Array]
    }
  },
  body: '4',
  from: '5492944913635'
}
[handleMsg]:  {
  key: {
    remoteJid: '5492944913635@s.whatsapp.net',
    fromMe: false,
    id: '740505F8E208C3D32690397D20622D1A',
    participant: undefined
  },
  messageTimestamp: 1750198372,
  pushName: 'Valen Mardones',
  broadcast: false,
  message: Message {
    conversation: 'Caca',
    messageContextInfo: MessageContextInfo {
      deviceListMetadata: [DeviceListMetadata],
      deviceListMetadataVersion: 2,
      messageSecret: [Uint8Array]
    }
  },
  body: 'Caca',
  from: '5492944913635'
}
[handleMsg]:  {
  key: {
    remoteJid: '5492944913635@s.whatsapp.net',
    fromMe: false,
    id: '324DCF429ED8DDD3EA4C93E6DF646C92',
    participant: undefined
  },
  messageTimestamp: 1750198376,
  pushName: 'Valen Mardones',
  broadcast: false,
  message: Message {
    conversation: 'Abogacia',
    messageContextInfo: MessageContextInfo {
      deviceListMetadata: [DeviceListMetadata],
      deviceListMetadataVersion: 2,
      messageSecret: [Uint8Array]
    }
  },
  body: 'Abogacia',
  from: '5492944913635'
}
[handleMsg]:  {
  key: {
    remoteJid: '5492944913635@s.whatsapp.net',
    fromMe: false,
    id: '8C482E6D58CC13737E43041D452EBF3E',
    participant: undefined
  },
  messageTimestamp: 1750198379,
  pushName: 'Valen Mardones',
  broadcast: false,
  message: Message {
    conversation: 'Menu',
    messageContextInfo: MessageContextInfo {
      deviceListMetadata: [DeviceListMetadata],
      deviceListMetadataVersion: 2,
      messageSecret: [Uint8Array]
    }
  },
  body: 'Menu',
  from: '5492944913635'
}
[QUEUE_SE_ENVIO]:  {
  ref: 'ans_c773660c-5fd3-4398-86b3-0c7c6dff710e',
  keyword: 'key_0a6b0b7b-b18f-4670-8fcd-b7aaf4cf98f8',
  answer: "¡Bienvenido!', 'Escribe *menu* en cualquier momento para volver aquí\r\n" +
    '\r\n' +
    'El menú principal funciona respondiendo a este mensaje con el número específico, según el trámite que desees realizar.\r\n' +
    '\r\n' +
    'Menú principal:\r\n' +
    '\r\n' +
    '*1.* Fecha de inscripción a las materias \r\n' +
    '\r\n' +
    '*2.* Fecha de inscripción a los examenes \r\n' +
    '\r\n' +
    '*3.* Requisitos para inscribirse a la universidad \r\n' +
    '\r\n' +
    '*4.* Horarios de la carrera \r\n' +
    '\r\n' +
    '*5.* Solicitudes de Constancias \r\n' +
    '\r\n' +
    '*6.* Cambio o Baja de carrera \r\n' +
    '\r\n' +
    '*7.* Equivalencias \r\n' +
    '\r\n' +
    '*8.* Solicitud de Titulo \r\n' +
    '\r\n' +
    '*9.* Supervisor en caso de otra consulta',
  options: {
    media: null,
    buttons: [],
    capture: true,
    child: null,
    delay: 0,
    idle: null,
    ref: null,
    nested: [
      [Object], [Object], [Object],
      [Object], [Object], [Object],
      [Object], [Object], [Object],
      [Object], [Object], [Object],
      [Object], [Object], [Object],
      [Object], [Object], [Object],
      [Object], [Object]
    ],
    keyword: {},
    callback: true
  },
  refSerialize: '6a397f13f87ffc4c13c156e77234133a'
}
